[debug] [2025-08-11T15:42:31.149Z] ----------------------------------------------------------------------
[debug] [2025-08-11T15:42:31.150Z] Command:       C:\Program Files\nodejs\node.exe C:\Users\Nikola\AppData\Roaming\npm\node_modules\firebase-tools\lib\bin\firebase.js emulators:start --only functions
[debug] [2025-08-11T15:42:31.150Z] CLI Version:   14.12.0
[debug] [2025-08-11T15:42:31.150Z] Platform:      win32
[debug] [2025-08-11T15:42:31.150Z] Node Version:  v22.13.0
[debug] [2025-08-11T15:42:31.150Z] Time:          Mon Aug 11 2025 18:42:31 GMT+0300 (Източноевропейско лятно часово време)
[debug] [2025-08-11T15:42:31.151Z] ----------------------------------------------------------------------
[debug] 
[debug] [2025-08-11T15:42:31.278Z] > command requires scopes: ["email","openid","https://www.googleapis.com/auth/cloudplatformprojects.readonly","https://www.googleapis.com/auth/firebase","https://www.googleapis.com/auth/cloud-platform"]
[debug] [2025-08-11T15:42:31.278Z] > authorizing via signed-in user (nikolagunchev69@gmail.com)
[info] i  emulators: Starting emulators: functions {"metadata":{"emulator":{"name":"hub"},"message":"Starting emulators: functions"}}
[debug] [2025-08-11T15:42:31.284Z] [logging] Logging Emulator only supports listening on one address (127.0.0.1). Not listening on ::1
[debug] [2025-08-11T15:42:31.284Z] assigned listening specs for emulators {"user":{"hub":[{"address":"127.0.0.1","family":"IPv4","port":4400},{"address":"::1","family":"IPv6","port":4400}],"ui":[{"address":"127.0.0.1","family":"IPv4","port":4000},{"address":"::1","family":"IPv6","port":4000}],"logging":[{"address":"127.0.0.1","family":"IPv4","port":4500}]},"metadata":{"message":"assigned listening specs for emulators"}}
[debug] [2025-08-11T15:42:31.287Z] [hub] writing locator at C:\Users\Nikola\AppData\Local\Temp\hub-softuni-blog-project.json
[debug] [2025-08-11T15:42:31.296Z] [functions] Functions Emulator only supports listening on one address (127.0.0.1). Not listening on ::1
[debug] [2025-08-11T15:42:31.297Z] [eventarc] Eventarc Emulator only supports listening on one address (127.0.0.1). Not listening on ::1
[debug] [2025-08-11T15:42:31.297Z] [tasks] Cloud Tasks Emulator only supports listening on one address (127.0.0.1). Not listening on ::1
[debug] [2025-08-11T15:42:31.297Z] late-assigned ports for functions and eventarc emulators {"user":{"hub":[{"address":"127.0.0.1","family":"IPv4","port":4400},{"address":"::1","family":"IPv6","port":4400}],"ui":[{"address":"127.0.0.1","family":"IPv4","port":4000},{"address":"::1","family":"IPv6","port":4000}],"logging":[{"address":"127.0.0.1","family":"IPv4","port":4500}],"functions":[{"address":"127.0.0.1","family":"IPv4","port":5001}],"eventarc":[{"address":"127.0.0.1","family":"IPv4","port":9299}],"tasks":[{"address":"127.0.0.1","family":"IPv4","port":9499}]},"metadata":{"message":"late-assigned ports for functions and eventarc emulators"}}
[warn] !  functions: The following emulators are not running, calls to these services from the Functions emulator will affect production: apphosting, auth, firestore, database, hosting, pubsub, storage, dataconnect {"metadata":{"emulator":{"name":"functions"},"message":"The following emulators are not running, calls to these services from the Functions emulator will affect production: \u001b[1mapphosting, auth, firestore, database, hosting, pubsub, storage, dataconnect\u001b[22m"}}
[debug] [2025-08-11T15:42:31.308Z] defaultcredentials: writing to file C:\Users\Nikola\AppData\Roaming\firebase\nikolagunchev69_gmail_com_application_default_credentials.json
[debug] [2025-08-11T15:42:31.309Z] Setting GAC to C:\Users\Nikola\AppData\Roaming\firebase\nikolagunchev69_gmail_com_application_default_credentials.json {"metadata":{"emulator":{"name":"functions"},"message":"Setting GAC to C:\\Users\\Nikola\\AppData\\Roaming\\firebase\\nikolagunchev69_gmail_com_application_default_credentials.json"}}
[debug] [2025-08-11T15:42:31.309Z] Checked if tokens are valid: true, expires at: 1754928714069
[debug] [2025-08-11T15:42:31.309Z] Checked if tokens are valid: true, expires at: 1754928714069
[debug] [2025-08-11T15:42:31.310Z] >>> [apiv2][query] GET https://firebase.googleapis.com/v1beta1/projects/softuni-blog-project/adminSdkConfig [none]
[debug] [2025-08-11T15:42:31.625Z] <<< [apiv2][status] GET https://firebase.googleapis.com/v1beta1/projects/softuni-blog-project/adminSdkConfig 200
[debug] [2025-08-11T15:42:31.625Z] <<< [apiv2][body] GET https://firebase.googleapis.com/v1beta1/projects/softuni-blog-project/adminSdkConfig {"projectId":"softuni-blog-project","storageBucket":"softuni-blog-project.firebasestorage.app"}
[info] i  ui: downloading ui-v1.15.0.zip... {"metadata":{"emulator":{"name":"ui"},"message":"downloading ui-v1.15.0.zip..."}}
[debug] [2025-08-11T15:42:31.649Z] >>> [apiv2][query] GET https://storage.googleapis.com/firebase-preview-drop/emulator/ui-v1.15.0.zip 
[debug] [2025-08-11T15:42:31.887Z] <<< [apiv2][status] GET https://storage.googleapis.com/firebase-preview-drop/emulator/ui-v1.15.0.zip 200
[debug] [2025-08-11T15:42:31.887Z] <<< [apiv2][body] GET https://storage.googleapis.com/firebase-preview-drop/emulator/ui-v1.15.0.zip [stream]
[debug] [2025-08-11T15:42:32.000Z] Data is 3538469
[debug] [2025-08-11T15:42:32.001Z] [unzip] Entry: client/ (compressed_size=0 bytes, uncompressed_size=0 bytes)
[debug] [2025-08-11T15:42:32.001Z] [unzip] Processing entry: client\
[debug] [2025-08-11T15:42:32.001Z] [unzip] mkdir: C:\Users\Nikola\.cache\firebase\emulators\ui-v1.15.0\client\
[debug] [2025-08-11T15:42:32.001Z] [unzip] Entry: client/favicon-16x16.png (compressed_size=293 bytes, uncompressed_size=293 bytes)
[debug] [2025-08-11T15:42:32.001Z] [unzip] Processing entry: client\favicon-16x16.png
[debug] [2025-08-11T15:42:32.001Z] [unzip] else mkdir: C:\Users\Nikola\.cache\firebase\emulators\ui-v1.15.0\client
[debug] [2025-08-11T15:42:32.001Z] [unzip] Writing file: C:\Users\Nikola\.cache\firebase\emulators\ui-v1.15.0\client\favicon-16x16.png
[debug] [2025-08-11T15:42:32.002Z] [unzip] Entry: client/safari-pinned-tab.svg (compressed_size=1433 bytes, uncompressed_size=2611 bytes)
[debug] [2025-08-11T15:42:32.002Z] [unzip] Processing entry: client\safari-pinned-tab.svg
[debug] [2025-08-11T15:42:32.002Z] [unzip] else mkdir: C:\Users\Nikola\.cache\firebase\emulators\ui-v1.15.0\client
[debug] [2025-08-11T15:42:32.002Z] [unzip] deflating: C:\Users\Nikola\.cache\firebase\emulators\ui-v1.15.0\client\safari-pinned-tab.svg
[debug] [2025-08-11T15:42:32.004Z] [unzip] Entry: client/favicon.ico (compressed_size=2933 bytes, uncompressed_size=13294 bytes)
[debug] [2025-08-11T15:42:32.004Z] [unzip] Processing entry: client\favicon.ico
[debug] [2025-08-11T15:42:32.004Z] [unzip] else mkdir: C:\Users\Nikola\.cache\firebase\emulators\ui-v1.15.0\client
[debug] [2025-08-11T15:42:32.004Z] [unzip] deflating: C:\Users\Nikola\.cache\firebase\emulators\ui-v1.15.0\client\favicon.ico
[debug] [2025-08-11T15:42:32.005Z] [unzip] Entry: client/index.html (compressed_size=1364 bytes, uncompressed_size=3071 bytes)
[debug] [2025-08-11T15:42:32.005Z] [unzip] Processing entry: client\index.html
[debug] [2025-08-11T15:42:32.005Z] [unzip] else mkdir: C:\Users\Nikola\.cache\firebase\emulators\ui-v1.15.0\client
[debug] [2025-08-11T15:42:32.005Z] [unzip] deflating: C:\Users\Nikola\.cache\firebase\emulators\ui-v1.15.0\client\index.html
[debug] [2025-08-11T15:42:32.014Z] [unzip] Entry: client/android-chrome-192x192.png (compressed_size=2684 bytes, uncompressed_size=2684 bytes)
[debug] [2025-08-11T15:42:32.014Z] [unzip] Processing entry: client\android-chrome-192x192.png
[debug] [2025-08-11T15:42:32.014Z] [unzip] else mkdir: C:\Users\Nikola\.cache\firebase\emulators\ui-v1.15.0\client
[debug] [2025-08-11T15:42:32.014Z] [unzip] Writing file: C:\Users\Nikola\.cache\firebase\emulators\ui-v1.15.0\client\android-chrome-192x192.png
[debug] [2025-08-11T15:42:32.015Z] [unzip] Entry: client/apple-touch-icon.png (compressed_size=2123 bytes, uncompressed_size=2152 bytes)
[debug] [2025-08-11T15:42:32.015Z] [unzip] Processing entry: client\apple-touch-icon.png
[debug] [2025-08-11T15:42:32.015Z] [unzip] else mkdir: C:\Users\Nikola\.cache\firebase\emulators\ui-v1.15.0\client
[debug] [2025-08-11T15:42:32.015Z] [unzip] deflating: C:\Users\Nikola\.cache\firebase\emulators\ui-v1.15.0\client\apple-touch-icon.png
[debug] [2025-08-11T15:42:32.016Z] [unzip] Entry: client/android-chrome-512x512.png (compressed_size=5369 bytes, uncompressed_size=5411 bytes)
[debug] [2025-08-11T15:42:32.016Z] [unzip] Processing entry: client\android-chrome-512x512.png
[debug] [2025-08-11T15:42:32.016Z] [unzip] else mkdir: C:\Users\Nikola\.cache\firebase\emulators\ui-v1.15.0\client
[debug] [2025-08-11T15:42:32.016Z] [unzip] deflating: C:\Users\Nikola\.cache\firebase\emulators\ui-v1.15.0\client\android-chrome-512x512.png
[debug] [2025-08-11T15:42:32.016Z] [unzip] Entry: client/manifest.json (compressed_size=245 bytes, uncompressed_size=551 bytes)
[debug] [2025-08-11T15:42:32.016Z] [unzip] Processing entry: client\manifest.json
[debug] [2025-08-11T15:42:32.016Z] [unzip] else mkdir: C:\Users\Nikola\.cache\firebase\emulators\ui-v1.15.0\client
[debug] [2025-08-11T15:42:32.016Z] [unzip] deflating: C:\Users\Nikola\.cache\firebase\emulators\ui-v1.15.0\client\manifest.json
[debug] [2025-08-11T15:42:32.017Z] [unzip] Entry: client/robots.txt (compressed_size=26 bytes, uncompressed_size=26 bytes)
[debug] [2025-08-11T15:42:32.017Z] [unzip] Processing entry: client\robots.txt
[debug] [2025-08-11T15:42:32.017Z] [unzip] else mkdir: C:\Users\Nikola\.cache\firebase\emulators\ui-v1.15.0\client
[debug] [2025-08-11T15:42:32.017Z] [unzip] Writing file: C:\Users\Nikola\.cache\firebase\emulators\ui-v1.15.0\client\robots.txt
[debug] [2025-08-11T15:42:32.018Z] [unzip] Entry: client/mstile-150x150.png (compressed_size=2034 bytes, uncompressed_size=2034 bytes)
[debug] [2025-08-11T15:42:32.018Z] [unzip] Processing entry: client\mstile-150x150.png
[debug] [2025-08-11T15:42:32.018Z] [unzip] else mkdir: C:\Users\Nikola\.cache\firebase\emulators\ui-v1.15.0\client
[debug] [2025-08-11T15:42:32.018Z] [unzip] Writing file: C:\Users\Nikola\.cache\firebase\emulators\ui-v1.15.0\client\mstile-150x150.png
[debug] [2025-08-11T15:42:32.018Z] [unzip] Entry: client/assets/ (compressed_size=0 bytes, uncompressed_size=0 bytes)
[debug] [2025-08-11T15:42:32.018Z] [unzip] Processing entry: client\assets\
[debug] [2025-08-11T15:42:32.018Z] [unzip] mkdir: C:\Users\Nikola\.cache\firebase\emulators\ui-v1.15.0\client\assets\
[debug] [2025-08-11T15:42:32.019Z] [unzip] Entry: client/assets/index-BX-A56oj.js (compressed_size=582089 bytes, uncompressed_size=2092775 bytes)
[debug] [2025-08-11T15:42:32.019Z] [unzip] Processing entry: client\assets\index-BX-A56oj.js
[debug] [2025-08-11T15:42:32.019Z] [unzip] else mkdir: C:\Users\Nikola\.cache\firebase\emulators\ui-v1.15.0\client\assets
[debug] [2025-08-11T15:42:32.019Z] [unzip] deflating: C:\Users\Nikola\.cache\firebase\emulators\ui-v1.15.0\client\assets\index-BX-A56oj.js
[debug] [2025-08-11T15:42:32.027Z] [unzip] Entry: client/assets/index-CjB9C900.css (compressed_size=35979 bytes, uncompressed_size=298654 bytes)
[debug] [2025-08-11T15:42:32.027Z] [unzip] Processing entry: client\assets\index-CjB9C900.css
[debug] [2025-08-11T15:42:32.027Z] [unzip] else mkdir: C:\Users\Nikola\.cache\firebase\emulators\ui-v1.15.0\client\assets
[debug] [2025-08-11T15:42:32.027Z] [unzip] deflating: C:\Users\Nikola\.cache\firebase\emulators\ui-v1.15.0\client\assets\index-CjB9C900.css
[debug] [2025-08-11T15:42:32.028Z] [unzip] Entry: client/assets/index-BX-A56oj.js.map (compressed_size=2362482 bytes, uncompressed_size=10036679 bytes)
[debug] [2025-08-11T15:42:32.028Z] [unzip] Processing entry: client\assets\index-BX-A56oj.js.map
[debug] [2025-08-11T15:42:32.029Z] [unzip] else mkdir: C:\Users\Nikola\.cache\firebase\emulators\ui-v1.15.0\client\assets
[debug] [2025-08-11T15:42:32.029Z] [unzip] deflating: C:\Users\Nikola\.cache\firebase\emulators\ui-v1.15.0\client\assets\index-BX-A56oj.js.map
[debug] [2025-08-11T15:42:32.059Z] [unzip] Entry: client/assets/extensions/ (compressed_size=0 bytes, uncompressed_size=0 bytes)
[debug] [2025-08-11T15:42:32.059Z] [unzip] Processing entry: client\assets\extensions\
[debug] [2025-08-11T15:42:32.059Z] [unzip] mkdir: C:\Users\Nikola\.cache\firebase\emulators\ui-v1.15.0\client\assets\extensions\
[debug] [2025-08-11T15:42:32.059Z] [unzip] Entry: client/assets/extensions/default-extension.png (compressed_size=1646 bytes, uncompressed_size=1657 bytes)
[debug] [2025-08-11T15:42:32.059Z] [unzip] Processing entry: client\assets\extensions\default-extension.png
[debug] [2025-08-11T15:42:32.059Z] [unzip] else mkdir: C:\Users\Nikola\.cache\firebase\emulators\ui-v1.15.0\client\assets\extensions
[debug] [2025-08-11T15:42:32.059Z] [unzip] deflating: C:\Users\Nikola\.cache\firebase\emulators\ui-v1.15.0\client\assets\extensions\default-extension.png
[debug] [2025-08-11T15:42:32.060Z] [unzip] Entry: client/assets/img/ (compressed_size=0 bytes, uncompressed_size=0 bytes)
[debug] [2025-08-11T15:42:32.060Z] [unzip] Processing entry: client\assets\img\
[debug] [2025-08-11T15:42:32.060Z] [unzip] mkdir: C:\Users\Nikola\.cache\firebase\emulators\ui-v1.15.0\client\assets\img\
[debug] [2025-08-11T15:42:32.060Z] [unzip] Entry: client/assets/img/database.png (compressed_size=29449 bytes, uncompressed_size=29988 bytes)
[debug] [2025-08-11T15:42:32.060Z] [unzip] Processing entry: client\assets\img\database.png
[debug] [2025-08-11T15:42:32.060Z] [unzip] else mkdir: C:\Users\Nikola\.cache\firebase\emulators\ui-v1.15.0\client\assets\img
[debug] [2025-08-11T15:42:32.060Z] [unzip] deflating: C:\Users\Nikola\.cache\firebase\emulators\ui-v1.15.0\client\assets\img\database.png
[debug] [2025-08-11T15:42:32.061Z] [unzip] Entry: client/assets/provider-icons/ (compressed_size=0 bytes, uncompressed_size=0 bytes)
[debug] [2025-08-11T15:42:32.061Z] [unzip] Processing entry: client\assets\provider-icons\
[debug] [2025-08-11T15:42:32.061Z] [unzip] mkdir: C:\Users\Nikola\.cache\firebase\emulators\ui-v1.15.0\client\assets\provider-icons\
[debug] [2025-08-11T15:42:32.061Z] [unzip] Entry: client/assets/provider-icons/auth_service_saml.svg (compressed_size=575 bytes, uncompressed_size=1226 bytes)
[debug] [2025-08-11T15:42:32.061Z] [unzip] Processing entry: client\assets\provider-icons\auth_service_saml.svg
[debug] [2025-08-11T15:42:32.061Z] [unzip] else mkdir: C:\Users\Nikola\.cache\firebase\emulators\ui-v1.15.0\client\assets\provider-icons
[debug] [2025-08-11T15:42:32.061Z] [unzip] deflating: C:\Users\Nikola\.cache\firebase\emulators\ui-v1.15.0\client\assets\provider-icons\auth_service_saml.svg
[debug] [2025-08-11T15:42:32.062Z] [unzip] Entry: client/assets/provider-icons/auth_service_phone.svg (compressed_size=261 bytes, uncompressed_size=414 bytes)
[debug] [2025-08-11T15:42:32.062Z] [unzip] Processing entry: client\assets\provider-icons\auth_service_phone.svg
[debug] [2025-08-11T15:42:32.062Z] [unzip] else mkdir: C:\Users\Nikola\.cache\firebase\emulators\ui-v1.15.0\client\assets\provider-icons
[debug] [2025-08-11T15:42:32.062Z] [unzip] deflating: C:\Users\Nikola\.cache\firebase\emulators\ui-v1.15.0\client\assets\provider-icons\auth_service_phone.svg
[debug] [2025-08-11T15:42:32.062Z] [unzip] Entry: client/assets/provider-icons/auth_service_facebook.svg (compressed_size=289 bytes, uncompressed_size=457 bytes)
[debug] [2025-08-11T15:42:32.062Z] [unzip] Processing entry: client\assets\provider-icons\auth_service_facebook.svg
[debug] [2025-08-11T15:42:32.062Z] [unzip] else mkdir: C:\Users\Nikola\.cache\firebase\emulators\ui-v1.15.0\client\assets\provider-icons
[debug] [2025-08-11T15:42:32.063Z] [unzip] deflating: C:\Users\Nikola\.cache\firebase\emulators\ui-v1.15.0\client\assets\provider-icons\auth_service_facebook.svg
[debug] [2025-08-11T15:42:32.063Z] [unzip] Entry: client/assets/provider-icons/auth_service_game_center.svg (compressed_size=991 bytes, uncompressed_size=3921 bytes)
[debug] [2025-08-11T15:42:32.063Z] [unzip] Processing entry: client\assets\provider-icons\auth_service_game_center.svg
[debug] [2025-08-11T15:42:32.063Z] [unzip] else mkdir: C:\Users\Nikola\.cache\firebase\emulators\ui-v1.15.0\client\assets\provider-icons
[debug] [2025-08-11T15:42:32.064Z] [unzip] deflating: C:\Users\Nikola\.cache\firebase\emulators\ui-v1.15.0\client\assets\provider-icons\auth_service_game_center.svg
[debug] [2025-08-11T15:42:32.064Z] [unzip] Entry: client/assets/provider-icons/auth_service_apple.svg (compressed_size=230 bytes, uncompressed_size=334 bytes)
[debug] [2025-08-11T15:42:32.064Z] [unzip] Processing entry: client\assets\provider-icons\auth_service_apple.svg
[debug] [2025-08-11T15:42:32.064Z] [unzip] else mkdir: C:\Users\Nikola\.cache\firebase\emulators\ui-v1.15.0\client\assets\provider-icons
[debug] [2025-08-11T15:42:32.064Z] [unzip] deflating: C:\Users\Nikola\.cache\firebase\emulators\ui-v1.15.0\client\assets\provider-icons\auth_service_apple.svg
[debug] [2025-08-11T15:42:32.065Z] [unzip] Entry: client/assets/provider-icons/auth_service_github.svg (compressed_size=466 bytes, uncompressed_size=838 bytes)
[debug] [2025-08-11T15:42:32.065Z] [unzip] Processing entry: client\assets\provider-icons\auth_service_github.svg
[debug] [2025-08-11T15:42:32.065Z] [unzip] else mkdir: C:\Users\Nikola\.cache\firebase\emulators\ui-v1.15.0\client\assets\provider-icons
[debug] [2025-08-11T15:42:32.065Z] [unzip] deflating: C:\Users\Nikola\.cache\firebase\emulators\ui-v1.15.0\client\assets\provider-icons\auth_service_github.svg
[debug] [2025-08-11T15:42:32.065Z] [unzip] Entry: client/assets/provider-icons/auth_service_mslive.svg (compressed_size=203 bytes, uncompressed_size=378 bytes)
[debug] [2025-08-11T15:42:32.065Z] [unzip] Processing entry: client\assets\provider-icons\auth_service_mslive.svg
[debug] [2025-08-11T15:42:32.065Z] [unzip] else mkdir: C:\Users\Nikola\.cache\firebase\emulators\ui-v1.15.0\client\assets\provider-icons
[debug] [2025-08-11T15:42:32.066Z] [unzip] deflating: C:\Users\Nikola\.cache\firebase\emulators\ui-v1.15.0\client\assets\provider-icons\auth_service_mslive.svg
[debug] [2025-08-11T15:42:32.066Z] [unzip] Entry: client/assets/provider-icons/auth_service_yahoo.svg (compressed_size=577 bytes, uncompressed_size=1182 bytes)
[debug] [2025-08-11T15:42:32.066Z] [unzip] Processing entry: client\assets\provider-icons\auth_service_yahoo.svg
[debug] [2025-08-11T15:42:32.066Z] [unzip] else mkdir: C:\Users\Nikola\.cache\firebase\emulators\ui-v1.15.0\client\assets\provider-icons
[debug] [2025-08-11T15:42:32.066Z] [unzip] deflating: C:\Users\Nikola\.cache\firebase\emulators\ui-v1.15.0\client\assets\provider-icons\auth_service_yahoo.svg
[debug] [2025-08-11T15:42:32.067Z] [unzip] Entry: client/assets/provider-icons/auth_service_twitter.svg (compressed_size=444 bytes, uncompressed_size=751 bytes)
[debug] [2025-08-11T15:42:32.067Z] [unzip] Processing entry: client\assets\provider-icons\auth_service_twitter.svg
[debug] [2025-08-11T15:42:32.067Z] [unzip] else mkdir: C:\Users\Nikola\.cache\firebase\emulators\ui-v1.15.0\client\assets\provider-icons
[debug] [2025-08-11T15:42:32.067Z] [unzip] deflating: C:\Users\Nikola\.cache\firebase\emulators\ui-v1.15.0\client\assets\provider-icons\auth_service_twitter.svg
[debug] [2025-08-11T15:42:32.067Z] [unzip] Entry: client/assets/provider-icons/auth_service_play_games.svg (compressed_size=565 bytes, uncompressed_size=1173 bytes)
[debug] [2025-08-11T15:42:32.067Z] [unzip] Processing entry: client\assets\provider-icons\auth_service_play_games.svg
[debug] [2025-08-11T15:42:32.067Z] [unzip] else mkdir: C:\Users\Nikola\.cache\firebase\emulators\ui-v1.15.0\client\assets\provider-icons
[debug] [2025-08-11T15:42:32.067Z] [unzip] deflating: C:\Users\Nikola\.cache\firebase\emulators\ui-v1.15.0\client\assets\provider-icons\auth_service_play_games.svg
[debug] [2025-08-11T15:42:32.068Z] [unzip] Entry: client/assets/provider-icons/auth_service_email.svg (compressed_size=228 bytes, uncompressed_size=326 bytes)
[debug] [2025-08-11T15:42:32.068Z] [unzip] Processing entry: client\assets\provider-icons\auth_service_email.svg
[debug] [2025-08-11T15:42:32.068Z] [unzip] else mkdir: C:\Users\Nikola\.cache\firebase\emulators\ui-v1.15.0\client\assets\provider-icons
[debug] [2025-08-11T15:42:32.068Z] [unzip] deflating: C:\Users\Nikola\.cache\firebase\emulators\ui-v1.15.0\client\assets\provider-icons\auth_service_email.svg
[debug] [2025-08-11T15:42:32.069Z] [unzip] Entry: client/assets/provider-icons/auth_service_google.svg (compressed_size=409 bytes, uncompressed_size=720 bytes)
[debug] [2025-08-11T15:42:32.069Z] [unzip] Processing entry: client\assets\provider-icons\auth_service_google.svg
[debug] [2025-08-11T15:42:32.069Z] [unzip] else mkdir: C:\Users\Nikola\.cache\firebase\emulators\ui-v1.15.0\client\assets\provider-icons
[debug] [2025-08-11T15:42:32.069Z] [unzip] deflating: C:\Users\Nikola\.cache\firebase\emulators\ui-v1.15.0\client\assets\provider-icons\auth_service_google.svg
[debug] [2025-08-11T15:42:32.069Z] [unzip] Entry: client/assets/provider-icons/auth_service_oidc.svg (compressed_size=414 bytes, uncompressed_size=858 bytes)
[debug] [2025-08-11T15:42:32.069Z] [unzip] Processing entry: client\assets\provider-icons\auth_service_oidc.svg
[debug] [2025-08-11T15:42:32.069Z] [unzip] else mkdir: C:\Users\Nikola\.cache\firebase\emulators\ui-v1.15.0\client\assets\provider-icons
[debug] [2025-08-11T15:42:32.069Z] [unzip] deflating: C:\Users\Nikola\.cache\firebase\emulators\ui-v1.15.0\client\assets\provider-icons\auth_service_oidc.svg
[debug] [2025-08-11T15:42:32.070Z] [unzip] Entry: client/browserconfig.xml (compressed_size=491 bytes, uncompressed_size=822 bytes)
[debug] [2025-08-11T15:42:32.070Z] [unzip] Processing entry: client\browserconfig.xml
[debug] [2025-08-11T15:42:32.070Z] [unzip] else mkdir: C:\Users\Nikola\.cache\firebase\emulators\ui-v1.15.0\client
[debug] [2025-08-11T15:42:32.070Z] [unzip] deflating: C:\Users\Nikola\.cache\firebase\emulators\ui-v1.15.0\client\browserconfig.xml
[debug] [2025-08-11T15:42:32.070Z] [unzip] Entry: client/favicon-32x32.png (compressed_size=475 bytes, uncompressed_size=475 bytes)
[debug] [2025-08-11T15:42:32.070Z] [unzip] Processing entry: client\favicon-32x32.png
[debug] [2025-08-11T15:42:32.071Z] [unzip] else mkdir: C:\Users\Nikola\.cache\firebase\emulators\ui-v1.15.0\client
[debug] [2025-08-11T15:42:32.071Z] [unzip] Writing file: C:\Users\Nikola\.cache\firebase\emulators\ui-v1.15.0\client\favicon-32x32.png
[debug] [2025-08-11T15:42:32.071Z] [unzip] Entry: server/ (compressed_size=0 bytes, uncompressed_size=0 bytes)
[debug] [2025-08-11T15:42:32.071Z] [unzip] Processing entry: server\
[debug] [2025-08-11T15:42:32.071Z] [unzip] mkdir: C:\Users\Nikola\.cache\firebase\emulators\ui-v1.15.0\server\
[debug] [2025-08-11T15:42:32.071Z] [unzip] Entry: server/server.mjs.map (compressed_size=217845 bytes, uncompressed_size=944978 bytes)
[debug] [2025-08-11T15:42:32.071Z] [unzip] Processing entry: server\server.mjs.map
[debug] [2025-08-11T15:42:32.071Z] [unzip] else mkdir: C:\Users\Nikola\.cache\firebase\emulators\ui-v1.15.0\server
[debug] [2025-08-11T15:42:32.071Z] [unzip] deflating: C:\Users\Nikola\.cache\firebase\emulators\ui-v1.15.0\server\server.mjs.map
[debug] [2025-08-11T15:42:32.074Z] [unzip] Entry: server/server.mjs (compressed_size=276407 bytes, uncompressed_size=933701 bytes)
[debug] [2025-08-11T15:42:32.074Z] [unzip] Processing entry: server\server.mjs
[debug] [2025-08-11T15:42:32.074Z] [unzip] else mkdir: C:\Users\Nikola\.cache\firebase\emulators\ui-v1.15.0\server
[debug] [2025-08-11T15:42:32.075Z] [unzip] deflating: C:\Users\Nikola\.cache\firebase\emulators\ui-v1.15.0\server\server.mjs
[info] i  functions: Watching "D:\JavaScript\SoftUni\Angular\SnapBlog\SnapBlog\functions" for Cloud Functions... {"metadata":{"emulator":{"name":"functions"},"message":"Watching \"D:\\JavaScript\\SoftUni\\Angular\\SnapBlog\\SnapBlog\\functions\" for Cloud Functions..."}}
[debug] [2025-08-11T15:42:32.084Z] Validating nodejs source
[debug] [2025-08-11T15:42:32.598Z] > [functions] package.json contents: {
  "name": "functions",
  "scripts": {
    "build": "tsc",
    "build:watch": "tsc --watch",
    "serve": "npm run build && firebase emulators:start --only functions",
    "shell": "npm run build && firebase functions:shell",
    "start": "npm run shell",
    "deploy": "firebase deploy --only functions",
    "logs": "firebase functions:log"
  },
  "engines": {
    "node": "22"
  },
  "main": "lib/index.js",
  "dependencies": {
    "firebase-admin": "^12.6.0",
    "firebase-functions": "^6.0.1"
  },
  "devDependencies": {
    "eslint-config-google": "^0.14.0",
    "eslint-plugin-import": "^2.25.4",
    "firebase-functions-test": "^3.1.0",
    "typescript": "^5.1.6"
  },
  "private": true
}
[debug] [2025-08-11T15:42:32.598Z] Building nodejs source
[debug] [2025-08-11T15:42:32.599Z] Failed to find version of module node: reached end of search path D:\JavaScript\SoftUni\Angular\SnapBlog\SnapBlog\functions\node_modules
[info] +  functions: Using node@22 from host. 
[debug] [2025-08-11T15:42:32.600Z] Could not find functions.yaml. Must use http discovery
[debug] [2025-08-11T15:42:32.603Z] Found firebase-functions binary at 'D:\JavaScript\SoftUni\Angular\SnapBlog\SnapBlog\functions\node_modules\.bin\firebase-functions'
[info] Serving at port 8340

[debug] [2025-08-11T15:42:32.932Z] Got response from /__/functions.yaml {"endpoints":{"joinGroup":{"availableMemoryMb":null,"timeoutSeconds":null,"minInstances":null,"maxInstances":null,"ingressSettings":null,"concurrency":null,"serviceAccountEmail":null,"vpc":null,"platform":"gcfv2","labels":{},"callableTrigger":{},"entryPoint":"joinGroup"}},"specVersion":"v1alpha1","requiredAPIs":[],"extensions":{}}
[info] +  functions: Loaded functions definitions from source: joinGroup. {"metadata":{"emulator":{"name":"functions"},"message":"Loaded functions definitions from source: joinGroup."}}
[info] +  functions[us-central1-joinGroup]: http function initialized (http://127.0.0.1:5001/softuni-blog-project/us-central1/joinGroup). {"metadata":{"emulator":{"name":"functions"},"message":"\u001b[1mhttp\u001b[22m function initialized (http://127.0.0.1:5001/softuni-blog-project/us-central1/joinGroup)."}}
[debug] [2025-08-11T15:42:36.964Z] Could not find VSCode notification endpoint: FetchError: request to http://localhost:40001/vscode/notify failed, reason: . If you are not running the Firebase Data Connect VSCode extension, this is expected and not an issue.
[info] 
┌─────────────────────────────────────────────────────────────┐
│ ✔  All emulators ready! It is now safe to connect your app. │
│ i  View Emulator UI at http://127.0.0.1:4000/               │
└─────────────────────────────────────────────────────────────┘

┌───────────┬────────────────┬─────────────────────────────────┐
│ Emulator  │ Host:Port      │ View in Emulator UI             │
├───────────┼────────────────┼─────────────────────────────────┤
│ Functions │ 127.0.0.1:5001 │ http://127.0.0.1:4000/functions │
└───────────┴────────────────┴─────────────────────────────────┘
  Emulator Hub host: 127.0.0.1 port: 4400
  Other reserved ports: 4500

Issues? Report them at https://github.com/firebase/firebase-tools/issues and attach the *-debug.log files.
 
